<?xml version="1.0" encoding="UTF-8"?>
<!-- Generated by org.testng.reporters.JUnitReportReporter -->
<testsuite skipped="0" hostname="LAPTOP-IBKUQGTV" name="SeleniumEasy.AdditionTest" tests="2" failures="0" timestamp="2020-05-26T10:29:58 IST" time="2.135" errors="0">
  <testcase name="Additionoftwonumbers" time="1.643" classname="SeleniumEasy.AdditionTest"/>
  <system-out/>
  <testcase name="Messageverified" time="0.492" classname="SeleniumEasy.AdditionTest"/>
  <system-out/>
</testsuite> <!-- SeleniumEasy.AdditionTest -->
