<?xml version="1.0" encoding="UTF-8"?>
<!-- Generated by org.testng.reporters.JUnitReportReporter -->
<testsuite skipped="0" hostname="LAPTOP-IBKUQGTV" name="masterTestcaseRun.MasterTestcase" tests="4" failures="0" timestamp="2020-05-17T15:32:33 IST" time="103.589" errors="0">
  <testcase name="checkboxform" time="24.700" classname="masterTestcaseRun.MasterTestcase"/>
  <system-out/>
  <testcase name="checkalltestcase" time="31.210" classname="masterTestcaseRun.MasterTestcase"/>
  <system-out/>
  <testcase name="SimpleformTest2" time="23.369" classname="masterTestcaseRun.MasterTestcase"/>
  <system-out/>
  <testcase name="SimpleformTest1" time="24.310" classname="masterTestcaseRun.MasterTestcase"/>
  <system-out/>
</testsuite> <!-- masterTestcaseRun.MasterTestcase -->
