<?xml version="1.0" encoding="UTF-8"?>
<!-- Generated by org.testng.reporters.JUnitReportReporter -->
<testsuite skipped="0" hostname="LAPTOP-IBKUQGTV" name="SeleniumEasy.SinglecheckboxTest" tests="2" failures="0" timestamp="2020-05-26T10:34:31 IST" time="65.601" errors="0">
  <testcase name="Singlecheckboxform" time="0.349" classname="SeleniumEasy.SinglecheckboxTest"/>
  <system-out/>
  <testcase name="multiplecheckbox" time="65.252" classname="SeleniumEasy.SinglecheckboxTest"/>
  <system-out/>
</testsuite> <!-- SeleniumEasy.SinglecheckboxTest -->
