<?xml version="1.0" encoding="UTF-8"?>
<!-- Generated by org.testng.reporters.JUnitReportReporter -->
<testsuite skipped="0" hostname="LAPTOP-IBKUQGTV" name="SeleniumEasy.AdditionTest" tests="2" failures="0" timestamp="2020-06-08T11:28:14 IST" time="2.041" errors="0">
  <testcase name="Messageverified" time="0.441" classname="SeleniumEasy.AdditionTest"/>
  <system-out/>
  <testcase name="Additionoftwonumbers" time="1.600" classname="SeleniumEasy.AdditionTest"/>
  <system-out/>
</testsuite> <!-- SeleniumEasy.AdditionTest -->
