<?xml version="1.0" encoding="UTF-8"?>
<!-- Generated by org.testng.reporters.JUnitReportReporter -->
<testsuite skipped="0" hostname="LAPTOP-IBKUQGTV" name="masterTestcaseRun.MasterTestcase" tests="4" failures="0" timestamp="2020-05-17T15:42:40 IST" time="79.394" errors="0">
  <testcase name="checkalltestcase" time="18.627" classname="masterTestcaseRun.MasterTestcase"/>
  <system-out/>
  <testcase name="checkboxform" time="17.875" classname="masterTestcaseRun.MasterTestcase"/>
  <system-out/>
  <testcase name="SimpleformTest2" time="20.209" classname="masterTestcaseRun.MasterTestcase"/>
  <system-out/>
  <testcase name="SimpleformTest1" time="22.683" classname="masterTestcaseRun.MasterTestcase"/>
  <system-out/>
</testsuite> <!-- masterTestcaseRun.MasterTestcase -->
