<?xml version="1.0" encoding="UTF-8"?>
<!-- Generated by org.testng.reporters.JUnitReportReporter -->
<testsuite skipped="0" hostname="LAPTOP-IBKUQGTV" name="SeleniumEasy.MultipleCheckBoxTest" tests="1" failures="0" timestamp="2020-05-25T15:57:35 IST" time="0.493" errors="0">
  <testcase name="multiplecheckbox" time="0.493" classname="SeleniumEasy.MultipleCheckBoxTest"/>
  <system-out/>
</testsuite> <!-- SeleniumEasy.MultipleCheckBoxTest -->
