<?xml version="1.0" encoding="UTF-8"?>
<!-- Generated by org.testng.reporters.JUnitReportReporter -->
<testsuite skipped="0" hostname="LAPTOP-IBKUQGTV" name="SeleniumEasy.SinglecheckboxTest" tests="2" failures="0" timestamp="2020-06-08T11:28:14 IST" time="0.682" errors="0">
  <testcase name="multiplecheckbox" time="0.376" classname="SeleniumEasy.SinglecheckboxTest"/>
  <system-out/>
  <testcase name="Singlecheckboxform" time="0.306" classname="SeleniumEasy.SinglecheckboxTest"/>
  <system-out/>
</testsuite> <!-- SeleniumEasy.SinglecheckboxTest -->
