<?xml version="1.0" encoding="UTF-8"?>
<!-- Generated by org.testng.reporters.JUnitReportReporter -->
<testsuite skipped="0" hostname="LAPTOP-IBKUQGTV" name="SeleniumEasy.MessageverifyTest" tests="1" failures="0" timestamp="2020-05-25T15:57:35 IST" time="0.831" errors="0">
  <testcase name="Messageverification" time="0.831" classname="SeleniumEasy.MessageverifyTest"/>
  <system-out/>
</testsuite> <!-- SeleniumEasy.MessageverifyTest -->
